2023-03-08 21:28:48.877  INFO 6572 --- [main] c.e.s.service.StudentServiceImplTest     : Starting StudentServiceImplTest using Java 1.8.0_241 on DESKTOP-GEC9DFH with PID 6572 (started by USER in C:\Users\USER\Documents\workspace-spring-tool-suite-4-4.17.2.RELEASE\SpringBootMyProjectStudent)
2023-03-08 21:28:48.929  INFO 6572 --- [main] c.e.s.service.StudentServiceImplTest     : No active profile set, falling back to 1 default profile: "default"
2023-03-08 21:28:53.437  INFO 6572 --- [main] .s.d.r.c.RepositoryConfigurationDelegate : Bootstrapping Spring Data JPA repositories in DEFAULT mode.
2023-03-08 21:28:53.639  INFO 6572 --- [main] .s.d.r.c.RepositoryConfigurationDelegate : Finished Spring Data repository scanning in 173 ms. Found 1 JPA repository interfaces.
2023-03-08 21:28:54.848  INFO 6572 --- [main] o.s.c.a.ConfigurationClassEnhancer       : @Bean method SwaggerAutoConfiguration.docketBeanFactoryPostProcessor is non-static and returns an object assignable to Spring's BeanFactoryPostProcessor interface. This will result in a failure to process annotations such as @Autowired, @Resource and @PostConstruct within the method's declaring @Configuration class. Add the 'static' modifier to this method to avoid these container lifecycle issues; see @Bean javadoc for complete details.
2023-03-08 21:28:56.544  INFO 6572 --- [main] o.hibernate.jpa.internal.util.LogHelper  : HHH000204: Processing PersistenceUnitInfo [name: default]
2023-03-08 21:28:56.795  INFO 6572 --- [main] org.hibernate.Version                    : HHH000412: Hibernate ORM core version 5.6.14.Final
2023-03-08 21:28:57.466  INFO 6572 --- [main] o.hibernate.annotations.common.Version   : HCANN000001: Hibernate Commons Annotations {5.1.2.Final}
2023-03-08 21:28:58.433  INFO 6572 --- [main] com.zaxxer.hikari.HikariDataSource       : HikariPool-1 - Starting...
2023-03-08 21:28:59.172  INFO 6572 --- [main] com.zaxxer.hikari.HikariDataSource       : HikariPool-1 - Start completed.
2023-03-08 21:28:59.249  INFO 6572 --- [main] org.hibernate.dialect.Dialect            : HHH000400: Using dialect: org.hibernate.dialect.MySQL8Dialect
2023-03-08 21:29:01.396  INFO 6572 --- [main] o.h.e.t.j.p.i.JtaPlatformInitiator       : HHH000490: Using JtaPlatform implementation: [org.hibernate.engine.transaction.jta.platform.internal.NoJtaPlatform]
2023-03-08 21:29:01.431  INFO 6572 --- [main] j.LocalContainerEntityManagerFactoryBean : Initialized JPA EntityManagerFactory for persistence unit 'default'
2023-03-08 21:29:05.423  WARN 6572 --- [main] JpaBaseConfiguration$JpaWebConfiguration : spring.jpa.open-in-view is enabled by default. Therefore, database queries may be performed during view rendering. Explicitly configure spring.jpa.open-in-view to disable this warning
2023-03-08 21:29:06.359  INFO 6572 --- [main] o.s.b.a.h2.H2ConsoleAutoConfiguration    : H2 console available at '/h2-console'. Database available at 'jdbc:h2:mem:testdb'
2023-03-08 21:29:11.409  INFO 6572 --- [main] c.e.s.service.StudentServiceImplTest     : Started StudentServiceImplTest in 23.876 seconds (JVM running for 27.32)
2023-03-08 21:29:12.570  INFO 6572 --- [SpringApplicationShutdownHook] j.LocalContainerEntityManagerFactoryBean : Closing JPA EntityManagerFactory for persistence unit 'default'
2023-03-08 21:29:12.581  INFO 6572 --- [SpringApplicationShutdownHook] com.zaxxer.hikari.HikariDataSource       : HikariPool-1 - Shutdown initiated...
2023-03-08 21:29:12.600  INFO 6572 --- [SpringApplicationShutdownHook] com.zaxxer.hikari.HikariDataSource       : HikariPool-1 - Shutdown completed.
2023-03-08 21:30:40.290  INFO 6068 --- [main] c.e.s.service.StudentServiceImplTest     : Starting StudentServiceImplTest using Java 1.8.0_241 on DESKTOP-GEC9DFH with PID 6068 (started by USER in C:\Users\USER\Documents\workspace-spring-tool-suite-4-4.17.2.RELEASE\SpringBootMyProjectStudent)
2023-03-08 21:30:40.369  INFO 6068 --- [main] c.e.s.service.StudentServiceImplTest     : No active profile set, falling back to 1 default profile: "default"
2023-03-08 21:30:45.114  INFO 6068 --- [main] .s.d.r.c.RepositoryConfigurationDelegate : Bootstrapping Spring Data JPA repositories in DEFAULT mode.
2023-03-08 21:30:45.299  INFO 6068 --- [main] .s.d.r.c.RepositoryConfigurationDelegate : Finished Spring Data repository scanning in 153 ms. Found 1 JPA repository interfaces.
2023-03-08 21:30:46.403  INFO 6068 --- [main] o.s.c.a.ConfigurationClassEnhancer       : @Bean method SwaggerAutoConfiguration.docketBeanFactoryPostProcessor is non-static and returns an object assignable to Spring's BeanFactoryPostProcessor interface. This will result in a failure to process annotations such as @Autowired, @Resource and @PostConstruct within the method's declaring @Configuration class. Add the 'static' modifier to this method to avoid these container lifecycle issues; see @Bean javadoc for complete details.
2023-03-08 21:30:48.479  INFO 6068 --- [main] o.hibernate.jpa.internal.util.LogHelper  : HHH000204: Processing PersistenceUnitInfo [name: default]
2023-03-08 21:30:48.762  INFO 6068 --- [main] org.hibernate.Version                    : HHH000412: Hibernate ORM core version 5.6.14.Final
2023-03-08 21:30:49.335  INFO 6068 --- [main] o.hibernate.annotations.common.Version   : HCANN000001: Hibernate Commons Annotations {5.1.2.Final}
2023-03-08 21:30:50.068  INFO 6068 --- [main] com.zaxxer.hikari.HikariDataSource       : HikariPool-1 - Starting...
2023-03-08 21:30:50.880  INFO 6068 --- [main] com.zaxxer.hikari.HikariDataSource       : HikariPool-1 - Start completed.
2023-03-08 21:30:50.959  INFO 6068 --- [main] org.hibernate.dialect.Dialect            : HHH000400: Using dialect: org.hibernate.dialect.MySQL8Dialect
2023-03-08 21:30:53.154  INFO 6068 --- [main] o.h.e.t.j.p.i.JtaPlatformInitiator       : HHH000490: Using JtaPlatform implementation: [org.hibernate.engine.transaction.jta.platform.internal.NoJtaPlatform]
2023-03-08 21:30:53.189  INFO 6068 --- [main] j.LocalContainerEntityManagerFactoryBean : Initialized JPA EntityManagerFactory for persistence unit 'default'
2023-03-08 21:30:57.585  WARN 6068 --- [main] JpaBaseConfiguration$JpaWebConfiguration : spring.jpa.open-in-view is enabled by default. Therefore, database queries may be performed during view rendering. Explicitly configure spring.jpa.open-in-view to disable this warning
2023-03-08 21:30:58.531  INFO 6068 --- [main] o.s.b.a.h2.H2ConsoleAutoConfiguration    : H2 console available at '/h2-console'. Database available at 'jdbc:h2:mem:testdb'
2023-03-08 21:31:03.750  INFO 6068 --- [main] c.e.s.service.StudentServiceImplTest     : Started StudentServiceImplTest in 24.836 seconds (JVM running for 28.582)
2023-03-08 21:31:05.448  INFO 6068 --- [SpringApplicationShutdownHook] j.LocalContainerEntityManagerFactoryBean : Closing JPA EntityManagerFactory for persistence unit 'default'
2023-03-08 21:31:05.455  INFO 6068 --- [SpringApplicationShutdownHook] com.zaxxer.hikari.HikariDataSource       : HikariPool-1 - Shutdown initiated...
2023-03-08 21:31:05.462  INFO 6068 --- [SpringApplicationShutdownHook] com.zaxxer.hikari.HikariDataSource       : HikariPool-1 - Shutdown completed.
2023-03-08 21:32:19.809  INFO 12696 --- [main] c.e.s.service.StudentServiceImplTest     : Starting StudentServiceImplTest using Java 1.8.0_241 on DESKTOP-GEC9DFH with PID 12696 (started by USER in C:\Users\USER\Documents\workspace-spring-tool-suite-4-4.17.2.RELEASE\SpringBootMyProjectStudent)
2023-03-08 21:32:19.813  INFO 12696 --- [main] c.e.s.service.StudentServiceImplTest     : No active profile set, falling back to 1 default profile: "default"
2023-03-08 21:32:23.752  INFO 12696 --- [main] .s.d.r.c.RepositoryConfigurationDelegate : Bootstrapping Spring Data JPA repositories in DEFAULT mode.
2023-03-08 21:32:23.973  INFO 12696 --- [main] .s.d.r.c.RepositoryConfigurationDelegate : Finished Spring Data repository scanning in 188 ms. Found 1 JPA repository interfaces.
2023-03-08 21:32:25.048  INFO 12696 --- [main] o.s.c.a.ConfigurationClassEnhancer       : @Bean method SwaggerAutoConfiguration.docketBeanFactoryPostProcessor is non-static and returns an object assignable to Spring's BeanFactoryPostProcessor interface. This will result in a failure to process annotations such as @Autowired, @Resource and @PostConstruct within the method's declaring @Configuration class. Add the 'static' modifier to this method to avoid these container lifecycle issues; see @Bean javadoc for complete details.
2023-03-08 21:32:26.823  INFO 12696 --- [main] o.hibernate.jpa.internal.util.LogHelper  : HHH000204: Processing PersistenceUnitInfo [name: default]
2023-03-08 21:32:27.031  INFO 12696 --- [main] org.hibernate.Version                    : HHH000412: Hibernate ORM core version 5.6.14.Final
2023-03-08 21:32:27.614  INFO 12696 --- [main] o.hibernate.annotations.common.Version   : HCANN000001: Hibernate Commons Annotations {5.1.2.Final}
2023-03-08 21:32:28.331  INFO 12696 --- [main] com.zaxxer.hikari.HikariDataSource       : HikariPool-1 - Starting...
2023-03-08 21:32:29.145  INFO 12696 --- [main] com.zaxxer.hikari.HikariDataSource       : HikariPool-1 - Start completed.
2023-03-08 21:32:29.323  INFO 12696 --- [main] org.hibernate.dialect.Dialect            : HHH000400: Using dialect: org.hibernate.dialect.MySQL8Dialect
2023-03-08 21:32:31.349  INFO 12696 --- [main] o.h.e.t.j.p.i.JtaPlatformInitiator       : HHH000490: Using JtaPlatform implementation: [org.hibernate.engine.transaction.jta.platform.internal.NoJtaPlatform]
2023-03-08 21:32:31.381  INFO 12696 --- [main] j.LocalContainerEntityManagerFactoryBean : Initialized JPA EntityManagerFactory for persistence unit 'default'
2023-03-08 21:32:35.192  WARN 12696 --- [main] JpaBaseConfiguration$JpaWebConfiguration : spring.jpa.open-in-view is enabled by default. Therefore, database queries may be performed during view rendering. Explicitly configure spring.jpa.open-in-view to disable this warning
2023-03-08 21:32:35.971  INFO 12696 --- [main] o.s.b.a.h2.H2ConsoleAutoConfiguration    : H2 console available at '/h2-console'. Database available at 'jdbc:h2:mem:testdb'
2023-03-08 21:32:41.564  INFO 12696 --- [main] c.e.s.service.StudentServiceImplTest     : Started StudentServiceImplTest in 23.054 seconds (JVM running for 26.666)
2023-03-08 21:32:42.616  INFO 12696 --- [SpringApplicationShutdownHook] j.LocalContainerEntityManagerFactoryBean : Closing JPA EntityManagerFactory for persistence unit 'default'
2023-03-08 21:32:42.626  INFO 12696 --- [SpringApplicationShutdownHook] com.zaxxer.hikari.HikariDataSource       : HikariPool-1 - Shutdown initiated...
2023-03-08 21:32:42.637  INFO 12696 --- [SpringApplicationShutdownHook] com.zaxxer.hikari.HikariDataSource       : HikariPool-1 - Shutdown completed.
2023-03-08 21:33:43.701  INFO 5344 --- [main] c.e.s.service.StudentServiceImplTest     : Starting StudentServiceImplTest using Java 1.8.0_241 on DESKTOP-GEC9DFH with PID 5344 (started by USER in C:\Users\USER\Documents\workspace-spring-tool-suite-4-4.17.2.RELEASE\SpringBootMyProjectStudent)
2023-03-08 21:33:43.705  INFO 5344 --- [main] c.e.s.service.StudentServiceImplTest     : No active profile set, falling back to 1 default profile: "default"
2023-03-08 21:33:47.589  INFO 5344 --- [main] .s.d.r.c.RepositoryConfigurationDelegate : Bootstrapping Spring Data JPA repositories in DEFAULT mode.
2023-03-08 21:33:47.780  INFO 5344 --- [main] .s.d.r.c.RepositoryConfigurationDelegate : Finished Spring Data repository scanning in 160 ms. Found 1 JPA repository interfaces.
2023-03-08 21:33:48.691  INFO 5344 --- [main] o.s.c.a.ConfigurationClassEnhancer       : @Bean method SwaggerAutoConfiguration.docketBeanFactoryPostProcessor is non-static and returns an object assignable to Spring's BeanFactoryPostProcessor interface. This will result in a failure to process annotations such as @Autowired, @Resource and @PostConstruct within the method's declaring @Configuration class. Add the 'static' modifier to this method to avoid these container lifecycle issues; see @Bean javadoc for complete details.
2023-03-08 21:33:50.559  INFO 5344 --- [main] o.hibernate.jpa.internal.util.LogHelper  : HHH000204: Processing PersistenceUnitInfo [name: default]
2023-03-08 21:33:50.761  INFO 5344 --- [main] org.hibernate.Version                    : HHH000412: Hibernate ORM core version 5.6.14.Final
2023-03-08 21:33:51.348  INFO 5344 --- [main] o.hibernate.annotations.common.Version   : HCANN000001: Hibernate Commons Annotations {5.1.2.Final}
2023-03-08 21:33:52.090  INFO 5344 --- [main] com.zaxxer.hikari.HikariDataSource       : HikariPool-1 - Starting...
2023-03-08 21:33:52.888  INFO 5344 --- [main] com.zaxxer.hikari.HikariDataSource       : HikariPool-1 - Start completed.
2023-03-08 21:33:52.962  INFO 5344 --- [main] org.hibernate.dialect.Dialect            : HHH000400: Using dialect: org.hibernate.dialect.MySQL8Dialect
2023-03-08 21:33:54.930  INFO 5344 --- [main] o.h.e.t.j.p.i.JtaPlatformInitiator       : HHH000490: Using JtaPlatform implementation: [org.hibernate.engine.transaction.jta.platform.internal.NoJtaPlatform]
2023-03-08 21:33:54.963  INFO 5344 --- [main] j.LocalContainerEntityManagerFactoryBean : Initialized JPA EntityManagerFactory for persistence unit 'default'
2023-03-08 21:33:58.746  WARN 5344 --- [main] JpaBaseConfiguration$JpaWebConfiguration : spring.jpa.open-in-view is enabled by default. Therefore, database queries may be performed during view rendering. Explicitly configure spring.jpa.open-in-view to disable this warning
2023-03-08 21:33:59.379  INFO 5344 --- [main] o.s.b.a.h2.H2ConsoleAutoConfiguration    : H2 console available at '/h2-console'. Database available at 'jdbc:h2:mem:testdb'
2023-03-08 21:34:04.867  INFO 5344 --- [main] c.e.s.service.StudentServiceImplTest     : Started StudentServiceImplTest in 22.424 seconds (JVM running for 26.111)
2023-03-08 21:34:06.669  INFO 5344 --- [SpringApplicationShutdownHook] j.LocalContainerEntityManagerFactoryBean : Closing JPA EntityManagerFactory for persistence unit 'default'
2023-03-08 21:34:06.679  INFO 5344 --- [SpringApplicationShutdownHook] com.zaxxer.hikari.HikariDataSource       : HikariPool-1 - Shutdown initiated...
2023-03-08 21:34:06.691  INFO 5344 --- [SpringApplicationShutdownHook] com.zaxxer.hikari.HikariDataSource       : HikariPool-1 - Shutdown completed.
